<?xml version="1.0" encoding="UTF-8"?>
<testsuite name="imademethink_cucumber_advanced_reporting.MasterRunnerMaven.MasterRunnerFor_SimpleFeatureFile" time="0.008" tests="38" errors="0" skipped="0" failures="2">
  <properties>
    <property name="java.runtime.name" value="Java(TM) SE Runtime Environment"/>
    <property name="sun.boot.library.path" value="C:\Program Files\Java\jdk1.8.0_191\jre\bin"/>
    <property name="java.vm.version" value="25.191-b12"/>
    <property name="java.vm.vendor" value="Oracle Corporation"/>
    <property name="maven.multiModuleProjectDirectory" value="D:\PROJECTS\Workspace\SLK_BDD_Cucumber_Reporting2"/>
    <property name="java.vendor.url" value="http://java.oracle.com/"/>
    <property name="path.separator" value=";"/>
    <property name="guice.disable.misplaced.annotation.check" value="true"/>
    <property name="java.vm.name" value="Java HotSpot(TM) 64-Bit Server VM"/>
    <property name="file.encoding.pkg" value="sun.io"/>
    <property name="user.script" value=""/>
    <property name="user.country" value="US"/>
    <property name="sun.java.launcher" value="SUN_STANDARD"/>
    <property name="sun.os.patch.level" value=""/>
    <property name="java.vm.specification.name" value="Java Virtual Machine Specification"/>
    <property name="user.dir" value="D:\PROJECTS\Workspace\SLK_BDD_Cucumber_Reporting2"/>
    <property name="java.runtime.version" value="1.8.0_191-b12"/>
    <property name="java.awt.graphicsenv" value="sun.awt.Win32GraphicsEnvironment"/>
    <property name="java.endorsed.dirs" value="C:\Program Files\Java\jdk1.8.0_191\jre\lib\endorsed"/>
    <property name="os.arch" value="amd64"/>
    <property name="java.io.tmpdir" value="C:\Users\RANA~1.SIN\AppData\Local\Temp\"/>
    <property name="line.separator" value="&#10;"/>
    <property name="java.vm.specification.vendor" value="Oracle Corporation"/>
    <property name="user.variant" value=""/>
    <property name="os.name" value="Windows 10"/>
    <property name="classworlds.conf" value="D:\PROJECTS\Workspace\.metadata\.plugins\org.eclipse.m2e.launching\launches\m2conf2742795490893014692.tmp"/>
    <property name="sun.jnu.encoding" value="Cp1252"/>
    <property name="java.library.path" value="C:\Program Files\Java\jdk1.8.0_191\bin;C:\windows\Sun\Java\bin;C:\windows\system32;C:\windows;C:/Program Files/Java/jre1.8.0_201/bin/server;C:/Program Files/Java/jre1.8.0_201/bin;C:/Program Files/Java/jre1.8.0_201/lib/amd64;C:\Program Files (x86)\Common Files\Oracle\Java\javapath;C:\windows\system32;C:\windows;C:\windows\System32\Wbem;C:\windows\System32\WindowsPowerShell\v1.0\;C:\Program Files\Java\jdk1.8.0_191\bin;C:\Program Files\Java\jre1.8.0_191\bin;D:\Installs\apache-maven\bin;D:\Installs\apache-maven\bin;D:\Installs\Git\cmd;C:\Users\rana.singh\AppData\Local\Microsoft\WindowsApps;;D:\Installs\eclipse;;."/>
    <property name="java.specification.name" value="Java Platform API Specification"/>
    <property name="java.class.version" value="52.0"/>
    <property name="sun.management.compiler" value="HotSpot 64-Bit Tiered Compilers"/>
    <property name="os.version" value="10.0"/>
    <property name="user.home" value="C:\Users\rana.singh"/>
    <property name="user.timezone" value="Asia/Calcutta"/>
    <property name="java.awt.printerjob" value="sun.awt.windows.WPrinterJob"/>
    <property name="java.specification.version" value="1.8"/>
    <property name="file.encoding" value="Cp1252"/>
    <property name="user.name" value="rana.singh"/>
    <property name="java.class.path" value="D:\Installs\eclipse\plugins\org.eclipse.m2e.maven.runtime_1.8.2.20171007-0216\jars\plexus-classworlds-2.5.2.jar"/>
    <property name="java.vm.specification.version" value="1.8"/>
    <property name="sun.arch.data.model" value="64"/>
    <property name="java.home" value="C:\Program Files\Java\jdk1.8.0_191\jre"/>
    <property name="sun.java.command" value="org.codehaus.plexus.classworlds.launcher.Launcher -B -s D:\Installs\apache-maven\conf\settings.xml test"/>
    <property name="java.specification.vendor" value="Oracle Corporation"/>
    <property name="user.language" value="en"/>
    <property name="awt.toolkit" value="sun.awt.windows.WToolkit"/>
    <property name="java.vm.info" value="mixed mode"/>
    <property name="java.version" value="1.8.0_191"/>
    <property name="java.ext.dirs" value="C:\Program Files\Java\jdk1.8.0_191\jre\lib\ext;C:\windows\Sun\Java\lib\ext"/>
    <property name="sun.boot.class.path" value="C:\Program Files\Java\jdk1.8.0_191\jre\lib\resources.jar;C:\Program Files\Java\jdk1.8.0_191\jre\lib\rt.jar;C:\Program Files\Java\jdk1.8.0_191\jre\lib\sunrsasign.jar;C:\Program Files\Java\jdk1.8.0_191\jre\lib\jsse.jar;C:\Program Files\Java\jdk1.8.0_191\jre\lib\jce.jar;C:\Program Files\Java\jdk1.8.0_191\jre\lib\charsets.jar;C:\Program Files\Java\jdk1.8.0_191\jre\lib\jfr.jar;C:\Program Files\Java\jdk1.8.0_191\jre\classes"/>
    <property name="java.vendor" value="Oracle Corporation"/>
    <property name="maven.home" value="D:\PROJECTS\Workspace\SLK_BDD_Cucumber_Reporting2\EMBEDDED"/>
    <property name="file.separator" value="\"/>
    <property name="java.vendor.url.bug" value="http://bugreport.sun.com/bugreport/"/>
    <property name="sun.cpu.endian" value="little"/>
    <property name="sun.io.unicode.encoding" value="UnicodeLittle"/>
    <property name="sun.desktop" value="windows"/>
    <property name="sun.cpu.isalist" value="amd64"/>
  </properties>
  <testcase name="Given Web application is in running state" classname="Scenario: User login" time="0.001"/>
  <testcase name="And Web browser is launched" classname="Scenario: User login" time="0"/>
  <testcase name="Given Home page is launched" classname="Scenario: User login" time="0"/>
  <testcase name="When Click on login" classname="Scenario: User login" time="0"/>
  <testcase name="Then Following fields should be shown username and password" classname="Scenario: User login" time="0"/>
  <testcase name="When Valid user name and password is used" classname="Scenario: User login" time="0"/>
  <testcase name="Then Login should be successful" classname="Scenario: User login" time="0"/>
  <testcase name="But Register option should not be visible" classname="Scenario: User login" time="0"/>
  <testcase name="Scenario: User login" classname="Scenario: User login" time="0"/>
  <testcase name="Given Web application is in running state" classname="Scenario: User change address" time="0"/>
  <testcase name="And Web browser is launched" classname="Scenario: User change address" time="0"/>
  <testcase name="Given User is already logged in" classname="Scenario: User change address" time="0"/>
  <testcase name="When When user edits address" classname="Scenario: User change address" time="0"/>
  <testcase name="Then Editing address should be possible" classname="Scenario: User change address" time="0"/>
  <testcase name="Scenario: User change address" classname="Scenario: User change address" time="0.001"/>
  <testcase name="Given Web application is in running state" classname="| chrome |" time="0"/>
  <testcase name="And Web browser is launched" classname="| chrome |" time="0"/>
  <testcase name="Given User launches following browser &quot;chrome&quot;" classname="| chrome |" time="0"/>
  <testcase name="When User verifies home page title" classname="| chrome |" time="0"/>
  <testcase name="When Home page title validation should be successful" classname="| chrome |" time="0"/>
  <testcase name="| chrome |" classname="| chrome |" time="0"/>
  <testcase name="Given Web application is in running state" classname="| mozilla |" time="0"/>
  <testcase name="And Web browser is launched" classname="| mozilla |" time="0"/>
  <testcase name="Given User launches following browser &quot;mozilla&quot;" classname="| mozilla |" time="0"/>
  <testcase name="When User verifies home page title" classname="| mozilla |" time="0"/>
  <testcase name="When Home page title validation should be successful" classname="| mozilla |" time="0"/>
  <testcase name="| mozilla |" classname="| mozilla |" time="0"/>
  <testcase name="Given Web application is in running state" classname="| internet explorer |" time="0"/>
  <testcase name="And Web browser is launched" classname="| internet explorer |" time="0"/>
  <testcase name="Given User launches following browser &quot;internet explorer&quot;" classname="| internet explorer |" time="0"/>
  <testcase name="When User verifies home page title" classname="| internet explorer |" time="0"/>
  <testcase name="When Home page title validation should be successful" classname="| internet explorer |" time="0"/>
  <testcase name="| internet explorer |" classname="| internet explorer |" time="0"/>
  <testcase name="Given User is already logged in" classname="Scenario: User log out" time="0"/>
  <testcase name="When User clicks on logout button" classname="Scenario: User log out" time="0"/>
  <testcase name="Then User log out should be successful" classname="Scenario: User log out" time="0"/>
  <testcase name="But Cookies should not be deleted" classname="Scenario: User log out" time="0.003">
    <failure message="Log::  ********** cookies_getting_deleted_due_to_some_isses" type="java.lang.AssertionError">java.lang.AssertionError: Log::  ********** cookies_getting_deleted_due_to_some_isses
	at org.junit.Assert.fail(Assert.java:88)
	at imademethink_cucumber_advanced_reporting.StepImplimentations.StepImplementation_CucumberProject.cookies_should_not_be_deleted(StepImplementation_CucumberProject.java:62)
	at imademethink_cucumber_advanced_reporting.StepDefinitions.StepDefinitions_CucumberProject.cookies_should_not_be_deleted(StepDefinitions_CucumberProject.java:79)
	at ✽.But Cookies should not be deleted(SimpleFeatureFile2.feature:8)
</failure>
  </testcase>
  <testcase name="Scenario: User log out" classname="Scenario: User log out" time="0.003">
    <failure message="Log::  ********** cookies_getting_deleted_due_to_some_isses" type="java.lang.AssertionError">java.lang.AssertionError: Log::  ********** cookies_getting_deleted_due_to_some_isses
	at org.junit.Assert.fail(Assert.java:88)
	at imademethink_cucumber_advanced_reporting.StepImplimentations.StepImplementation_CucumberProject.cookies_should_not_be_deleted(StepImplementation_CucumberProject.java:62)
	at imademethink_cucumber_advanced_reporting.StepDefinitions.StepDefinitions_CucumberProject.cookies_should_not_be_deleted(StepDefinitions_CucumberProject.java:79)
	at ✽.But Cookies should not be deleted(SimpleFeatureFile2.feature:8)
</failure>
  </testcase>
</testsuite>