<?xml version="1.0" encoding="UTF-8"?>
<testsuite name="imademethink_cucumber_advanced_reporting.MasterRunnerMaven.MasterRunnerFor_SimpleFeatureFile" time="0.008" tests="38" errors="0" skipped="0" failures="2">
  <properties>
[...]
</properties>
  <testcase name="Given Web application is in running state" classname="Scenario: User login" time="0.001"/>
  <testcase name="And Web browser is launched" classname="Scenario: User login" time="0"/>
  <testcase name="Given Home page is launched" classname="Scenario: User login" time="0"/>
  <testcase name="When Click on login" classname="Scenario: User login" time="0"/>
  <testcase name="Then Following fields should be shown username and password" classname="Scenario: User login" time="0"/>
  <testcase name="When Valid user name and password is used" classname="Scenario: User login" time="0"/>
  <testcase name="Then Login should be successful" classname="Scenario: User login" time="0"/>
  <testcase name="But Register option should not be visible" classname="Scenario: User login" time="0"/>
  <testcase name="Scenario: User login" classname="Scenario: User login" time="0"/>
  <testcase name="Given Web application is in running state" classname="Scenario: User change address" time="0"/>
  <testcase name="And Web browser is launched" classname="Scenario: User change address" time="0"/>
  <testcase name="Given User is already logged in" classname="Scenario: User change address" time="0"/>
  <testcase name="When When user edits address" classname="Scenario: User change address" time="0"/>
  <testcase name="Then Editing address should be possible" classname="Scenario: User change address" time="0"/>
  <testcase name="Scenario: User change address" classname="Scenario: User change address" time="0.001"/>
  <testcase name="Given Web application is in running state" classname="| chrome |" time="0"/>
  <testcase name="And Web browser is launched" classname="| chrome |" time="0"/>
  <testcase name="Given User launches following browser &quot;chrome&quot;" classname="| chrome |" time="0"/>
  <testcase name="When User verifies home page title" classname="| chrome |" time="0"/>
  <testcase name="When Home page title validation should be successful" classname="| chrome |" time="0"/>
  <testcase name="| chrome |" classname="| chrome |" time="0"/>
  <testcase name="Given Web application is in running state" classname="| mozilla |" time="0"/>
  <testcase name="And Web browser is launched" classname="| mozilla |" time="0"/>
  <testcase name="Given User launches following browser &quot;mozilla&quot;" classname="| mozilla |" time="0"/>
  <testcase name="When User verifies home page title" classname="| mozilla |" time="0"/>
  <testcase name="When Home page title validation should be successful" classname="| mozilla |" time="0"/>
  <testcase name="| mozilla |" classname="| mozilla |" time="0"/>
  <testcase name="Given Web application is in running state" classname="| internet explorer |" time="0"/>
  <testcase name="And Web browser is launched" classname="| internet explorer |" time="0"/>
  <testcase name="Given User launches following browser &quot;internet explorer&quot;" classname="| internet explorer |" time="0"/>
  <testcase name="When User verifies home page title" classname="| internet explorer |" time="0"/>
  <testcase name="When Home page title validation should be successful" classname="| internet explorer |" time="0"/>
  <testcase name="| internet explorer |" classname="| internet explorer |" time="0"/>
  <testcase name="Given User is already logged in" classname="Scenario: User log out" time="0"/>
  <testcase name="When User clicks on logout button" classname="Scenario: User log out" time="0"/>
  <testcase name="Then User log out should be successful" classname="Scenario: User log out" time="0"/>
  <testcase name="But Cookies should not be deleted" classname="Scenario: User log out" time="0.003">
    <failure message="Log::  ********** cookies_getting_deleted_due_to_some_isses" type="java.lang.AssertionError">java.lang.AssertionError: Log::  ********** cookies_getting_deleted_due_to_some_isses
	at org.junit.Assert.fail(Assert.java:88)
	at imademethink_cucumber_advanced_reporting.StepImplimentations.StepImplementation_CucumberProject.cookies_should_not_be_deleted(StepImplementation_CucumberProject.java:62)
	at imademethink_cucumber_advanced_reporting.StepDefinitions.StepDefinitions_CucumberProject.cookies_should_not_be_deleted(StepDefinitions_CucumberProject.java:79)
	at ✽.But Cookies should not be deleted(SimpleFeatureFile2.feature:8)
</failure>
  </testcase>
  <testcase name="Scenario: User log out" classname="Scenario: User log out" time="0.003">
    <failure message="Log::  ********** cookies_getting_deleted_due_to_some_isses" type="java.lang.AssertionError">java.lang.AssertionError: Log::  ********** cookies_getting_deleted_due_to_some_isses
	at org.junit.Assert.fail(Assert.java:88)
	at imademethink_cucumber_advanced_reporting.StepImplimentations.StepImplementation_CucumberProject.cookies_should_not_be_deleted(StepImplementation_CucumberProject.java:62)
	at imademethink_cucumber_advanced_reporting.StepDefinitions.StepDefinitions_CucumberProject.cookies_should_not_be_deleted(StepDefinitions_CucumberProject.java:79)
	at ✽.But Cookies should not be deleted(SimpleFeatureFile2.feature:8)
</failure>
  </testcase>
</testsuite>